Using pre-set license
Built from '2021.3/staging' branch; Version is '2021.3.19f1 (c9714fde33b6) revision 13201743'; Using compiler version '192829333'; Build Type 'Release'
OS: 'Unknown Windows version  (6.2.9200) 64bit Core' Language: 'ko' Physical Memory: 16057 MB
BatchMode: 1, IsHumanControllingUs: 0, StartBugReporterOnCrash: 0, Is64bit: 1, IsPro: 1

COMMAND LINE ARGUMENTS:
C:\Program Files\Unity\Hub\Editor\2021.3.19f1-x86_64\Editor\Unity.exe
-adb2
-batchMode
-noUpm
-name
AssetImportWorker3
-projectPath
C:/3Dcompfinalproject
-logFile
Logs/AssetImportWorker3.log
-srvPort
64462
Successfully changed project path to: C:/3Dcompfinalproject
C:/3Dcompfinalproject
[UnityMemory] Configuration Parameters - Can be set up in boot.config
    "memorysetup-bucket-allocator-granularity=16"
    "memorysetup-bucket-allocator-bucket-count=8"
    "memorysetup-bucket-allocator-block-size=33554432"
    "memorysetup-bucket-allocator-block-count=8"
    "memorysetup-main-allocator-block-size=16777216"
    "memorysetup-thread-allocator-block-size=16777216"
    "memorysetup-gfx-main-allocator-block-size=16777216"
    "memorysetup-gfx-thread-allocator-block-size=16777216"
    "memorysetup-cache-allocator-block-size=4194304"
    "memorysetup-typetree-allocator-block-size=2097152"
    "memorysetup-profiler-bucket-allocator-granularity=16"
    "memorysetup-profiler-bucket-allocator-bucket-count=8"
    "memorysetup-profiler-bucket-allocator-block-size=33554432"
    "memorysetup-profiler-bucket-allocator-block-count=8"
    "memorysetup-profiler-allocator-block-size=16777216"
    "memorysetup-profiler-editor-allocator-block-size=1048576"
    "memorysetup-temp-allocator-size-main=16777216"
    "memorysetup-job-temp-allocator-block-size=2097152"
    "memorysetup-job-temp-allocator-block-size-background=1048576"
    "memorysetup-job-temp-allocator-reduction-small-platforms=262144"
    "memorysetup-temp-allocator-size-background-worker=32768"
    "memorysetup-temp-allocator-size-job-worker=262144"
    "memorysetup-temp-allocator-size-preload-manager=33554432"
    "memorysetup-temp-allocator-size-nav-mesh-worker=65536"
    "memorysetup-temp-allocator-size-audio-worker=65536"
    "memorysetup-temp-allocator-size-cloud-worker=32768"
    "memorysetup-temp-allocator-size-gi-baking-worker=262144"
    "memorysetup-temp-allocator-size-gfx=262144"
Player connection [5232] Host "[IP] 172.30.1.17 [Port] 0 [Flags] 2 [Guid] 3509832505 [EditorId] 3509832505 [Version] 1048832 [Id] WindowsEditor(7,DESKTOP-FNE26I8) [Debug] 1 [PackageName] WindowsEditor [ProjectName] Editor" joined multi-casting on [225.0.0.222:54997]...

Player connection [5232] Host "[IP] 172.30.1.17 [Port] 0 [Flags] 2 [Guid] 3509832505 [EditorId] 3509832505 [Version] 1048832 [Id] WindowsEditor(7,DESKTOP-FNE26I8) [Debug] 1 [PackageName] WindowsEditor [ProjectName] Editor" joined alternative multi-casting on [225.0.0.222:34997]...

Refreshing native plugins compatible for Editor in 841.00 ms, found 6 plugins.
Preloading 2 native plugins for Editor in 5.48 ms.
Initialize engine version: 2021.3.19f1 (c9714fde33b6)
[Subsystems] Discovering subsystems at path C:/Program Files/Unity/Hub/Editor/2021.3.19f1-x86_64/Editor/Data/Resources/UnitySubsystems
[Subsystems] Discovering subsystems at path C:/3Dcompfinalproject/Assets
GfxDevice: creating device client; threaded=0; jobified=0
Direct3D:
    Version:  Direct3D 11.0 [level 11.1]
    Renderer: Intel(R) Iris(R) Xe Graphics (ID=0x9a49)
    Vendor:   Intel
    VRAM:     8028 MB
    Driver:   27.20.100.9415
Initialize mono
Mono path[0] = 'C:/Program Files/Unity/Hub/Editor/2021.3.19f1-x86_64/Editor/Data/Managed'
Mono path[1] = 'C:/Program Files/Unity/Hub/Editor/2021.3.19f1-x86_64/Editor/Data/MonoBleedingEdge/lib/mono/unityjit-win32'
Mono config path = 'C:/Program Files/Unity/Hub/Editor/2021.3.19f1-x86_64/Editor/Data/MonoBleedingEdge/etc'
Using monoOptions --debugger-agent=transport=dt_socket,embedding=1,server=y,suspend=n,address=127.0.0.1:56280
Begin MonoManager ReloadAssembly
Registering precompiled unity dll's ...
Register platform support module: C:/Program Files/Unity/Hub/Editor/2021.3.19f1-x86_64/Editor/Data/PlaybackEngines/WindowsStandaloneSupport/UnityEditor.WindowsStandalone.Extensions.dll
Registered in 0.006577 seconds.
Native extension for WindowsStandalone target not found
Refreshing native plugins compatible for Editor in 569.64 ms, found 6 plugins.
Preloading 2 native plugins for Editor in 0.13 ms.
Mono: successfully reloaded assembly
- Completed reload, in  4.852 seconds
Domain Reload Profiling:
	ReloadAssembly (4855ms)
		BeginReloadAssembly (277ms)
			ExecutionOrderSort (0ms)
			DisableScriptedObjects (0ms)
			BackupInstance (0ms)
			ReleaseScriptingObjects (0ms)
			CreateAndSetChildDomain (5ms)
		EndReloadAssembly (3578ms)
			LoadAssemblies (270ms)
			RebuildTransferFunctionScriptingTraits (0ms)
			SetupTypeCache (1177ms)
			ReleaseScriptCaches (0ms)
			RebuildScriptCaches (195ms)
			SetupLoadedEditorAssemblies (1827ms)
				LogAssemblyErrors (0ms)
				InitializePlatformSupportModulesInManaged (43ms)
				SetLoadedEditorAssemblies (2ms)
				RefreshPlugins (570ms)
				BeforeProcessingInitializeOnLoad (8ms)
				ProcessInitializeOnLoadAttributes (858ms)
				ProcessInitializeOnLoadMethodAttributes (345ms)
				AfterProcessingInitializeOnLoad (0ms)
				EditorAssembliesLoaded (1ms)
			ExecutionOrderSort2 (0ms)
			AwakeInstancesAfterBackupRestoration (0ms)
Platform modules already initialized, skipping
Registering precompiled user dll's ...
Registered in 0.027901 seconds.
Begin MonoManager ReloadAssembly
Symbol file LoadedFromMemory doesn't match image C:\3Dcompfinalproject\Library\PackageCache\com.unity.visualscripting@1.8.0\Editor\VisualScripting.Core\Dependencies\DotNetZip\Unity.VisualScripting.IonicZip.dll
Symbol file LoadedFromMemory is not a mono symbol file
Symbol file LoadedFromMemory doesn't match image C:\3Dcompfinalproject\Library\PackageCache\com.unity.visualscripting@1.8.0\Editor\VisualScripting.Core\Dependencies\YamlDotNet\Unity.VisualScripting.YamlDotNet.dll
Native extension for WindowsStandalone target not found
Refreshing native plugins compatible for Editor in 583.08 ms, found 6 plugins.
Preloading 2 native plugins for Editor in 0.20 ms.
Mono: successfully reloaded assembly
- Completed reload, in 12.730 seconds
Domain Reload Profiling:
	ReloadAssembly (12749ms)
		BeginReloadAssembly (1237ms)
			ExecutionOrderSort (0ms)
			DisableScriptedObjects (50ms)
			BackupInstance (0ms)
			ReleaseScriptingObjects (0ms)
			CreateAndSetChildDomain (601ms)
		EndReloadAssembly (10557ms)
			LoadAssemblies (455ms)
			RebuildTransferFunctionScriptingTraits (0ms)
			SetupTypeCache (3466ms)
			ReleaseScriptCaches (2ms)
			RebuildScriptCaches (428ms)
			SetupLoadedEditorAssemblies (5159ms)
				LogAssemblyErrors (0ms)
				InitializePlatformSupportModulesInManaged (68ms)
				SetLoadedEditorAssemblies (1ms)
				RefreshPlugins (583ms)
				BeforeProcessingInitializeOnLoad (557ms)
				ProcessInitializeOnLoadAttributes (2131ms)
				ProcessInitializeOnLoadMethodAttributes (1802ms)
				AfterProcessingInitializeOnLoad (13ms)
				EditorAssembliesLoaded (4ms)
			ExecutionOrderSort2 (0ms)
			AwakeInstancesAfterBackupRestoration (212ms)
Platform modules already initialized, skipping
========================================================================
Worker process is ready to serve import requests
Launched and connected shader compiler UnityShaderCompiler.exe after 0.09 seconds
Refreshing native plugins compatible for Editor in 3.51 ms, found 6 plugins.
Preloading 2 native plugins for Editor in 0.19 ms.
Unloading 5662 Unused Serialized files (Serialized files now loaded: 0)
Unloading 97 unused Assets / (2.0 MB). Loaded Objects now: 6406.
Memory consumption went from 323.1 MB to 321.1 MB.
Total: 12.773300 ms (FindLiveObjects: 4.200800 ms CreateObjectMapping: 0.982500 ms MarkObjects: 6.561000 ms  DeleteObjects: 1.026700 ms)

AssetImportParameters requested are different than current active one (requested -> active):
  custom:video-decoder-ogg-theora: a1e56fd34408186e4bbccfd4996cb3dc -> 
  custom:container-muxer-webm: aa71ff27fc2769a1b78a27578f13a17b -> 
  custom:container-demuxer-webm: 4f35f7cbe854078d1ac9338744f61a02 -> 
  custom:video-encoder-webm-vp8: eb34c28f22e8b96e1ab97ce403110664 -> 
  custom:video-codec-MediaFoundation-h265: 746d11721c4dcdbdad8f713fa42b33f4 -> 
  custom:audio-encoder-webm-vorbis: bf7c407c2cedff20999df2af8eb42d56 -> 
  custom:framework-win-MediaFoundation: 216162199b28c13a410421893ffa2e32 -> 
  custom:container-demuxer-ogg: 62fdf1f143b41e24485cea50d1cbac27 -> 
  custom:video-decoder-webm-vp8: 9c59270c3fd7afecdb556c50c9e8de78 -> 
  custom:audio-decoder-ogg-vorbis: bf7c407c2cedff20999df2af8eb42d56 -> 
========================================================================
Received Import Request.
  Time since last request: 81912.116169 seconds.
  path: Assets/Scenes/Shadergraphs/Snow.mat
  artifactKey: Guid(8cbf41871ce79dc4b9ce4ac34388e63d) Importer(815301076,1909f56bfc062723c751e8b465ee728b)
Start importing Assets/Scenes/Shadergraphs/Snow.mat using Guid(8cbf41871ce79dc4b9ce4ac34388e63d) Importer(815301076,1909f56bfc062723c751e8b465ee728b)  -> (artifact id: '0f3ccb0a343f03b7cd3fdecaf4aa0012') in 5.372087 seconds 
========================================================================
Received Import Request.
  Time since last request: 0.000116 seconds.
  path: Assets/Scenes/Shadergraphs/Tornado.mat
  artifactKey: Guid(33e0c2b7f77e6f44fa6e37a5ee9fe08f) Importer(815301076,1909f56bfc062723c751e8b465ee728b)
Start importing Assets/Scenes/Shadergraphs/Tornado.mat using Guid(33e0c2b7f77e6f44fa6e37a5ee9fe08f) Importer(815301076,1909f56bfc062723c751e8b465ee728b)  -> (artifact id: 'a370189d2c2ac2d3f9d5770b2b95c0bd') in 5.462872 seconds 
========================================================================
Received Import Request.
  Time since last request: 0.000116 seconds.
  path: Assets/Scenes/Shadergraphs/Dissolve.mat
  artifactKey: Guid(bced17bb00439784487dd255158f0bf4) Importer(815301076,1909f56bfc062723c751e8b465ee728b)
Start importing Assets/Scenes/Shadergraphs/Dissolve.mat using Guid(bced17bb00439784487dd255158f0bf4) Importer(815301076,1909f56bfc062723c751e8b465ee728b)  -> (artifact id: 'c65e3f6504f08c5159bf8024bc82e803') in 4.228146 seconds 
========================================================================
Received Import Request.
  Time since last request: 0.000125 seconds.
  path: Assets/Scenes/Shadergraphs/Forcefield.mat
  artifactKey: Guid(09653d3caa98aa94b8f58c3be4b681d6) Importer(815301076,1909f56bfc062723c751e8b465ee728b)
Start importing Assets/Scenes/Shadergraphs/Forcefield.mat using Guid(09653d3caa98aa94b8f58c3be4b681d6) Importer(815301076,1909f56bfc062723c751e8b465ee728b)  -> (artifact id: 'e650301a0c8489267310529e3c10b703') in 3.964351 seconds 
========================================================================
Received Import Request.
  Time since last request: 0.000139 seconds.
  path: Assets/Scenes/Shadergraphs/testmat.mat
  artifactKey: Guid(b81a580d422c5c34085726e83c22256f) Importer(815301076,1909f56bfc062723c751e8b465ee728b)
Start importing Assets/Scenes/Shadergraphs/testmat.mat using Guid(b81a580d422c5c34085726e83c22256f) Importer(815301076,1909f56bfc062723c751e8b465ee728b)  -> (artifact id: '9a3c80eab234709c4326733be8531f7e') in 6.929835 seconds 
========================================================================
Received Import Request.
  Time since last request: 0.000064 seconds.
  path: Assets/Scenes/Shadergraphs/rimlight.mat
  artifactKey: Guid(eaf19af878f20b546b781f766db7bcd1) Importer(815301076,1909f56bfc062723c751e8b465ee728b)
Start importing Assets/Scenes/Shadergraphs/rimlight.mat using Guid(eaf19af878f20b546b781f766db7bcd1) Importer(815301076,1909f56bfc062723c751e8b465ee728b)  -> (artifact id: 'f71058b91cd65ece6a909238d08a78aa') in 5.256672 seconds 
========================================================================
Received Import Request.
  Time since last request: 0.000072 seconds.
  path: Assets/Scenes/Shadergraphs/Cam distance.mat
  artifactKey: Guid(5f96629f79c49944f9835727a45e9c70) Importer(815301076,1909f56bfc062723c751e8b465ee728b)
Start importing Assets/Scenes/Shadergraphs/Cam distance.mat using Guid(5f96629f79c49944f9835727a45e9c70) Importer(815301076,1909f56bfc062723c751e8b465ee728b)  -> (artifact id: '87e4e27faceb0dc8f3a6f4e0c8fc1003') in 2.810229 seconds 
========================================================================
Received Import Request.
  Time since last request: 0.000053 seconds.
  path: Assets/Scenes/Shadergraphs/Portal.mat
  artifactKey: Guid(bebd6578c02408a44bb7574065ba4b43) Importer(815301076,1909f56bfc062723c751e8b465ee728b)
Start importing Assets/Scenes/Shadergraphs/Portal.mat using Guid(bebd6578c02408a44bb7574065ba4b43) Importer(815301076,1909f56bfc062723c751e8b465ee728b)  -> (artifact id: '06dba6687e9ec10a50ff88c9dd2c2fdb') in 4.793764 seconds 
========================================================================
Received Import Request.
  Time since last request: 0.000086 seconds.
  path: Assets/Scenes/Shadergraphs/Distort.mat
  artifactKey: Guid(61ff9d995169dba49aea6e3973a336ad) Importer(815301076,1909f56bfc062723c751e8b465ee728b)
Start importing Assets/Scenes/Shadergraphs/Distort.mat using Guid(61ff9d995169dba49aea6e3973a336ad) Importer(815301076,1909f56bfc062723c751e8b465ee728b)  -> (artifact id: '8e4ce40ae3acfd8f0653c511393e7d9c') in 4.362809 seconds 
========================================================================
Received Import Request.
  Time since last request: 0.000072 seconds.
  path: Assets/Scenes/Shadergraphs/Cartoonshade.mat
  artifactKey: Guid(d933f31cc321ddd46bc42342932a7ae9) Importer(815301076,1909f56bfc062723c751e8b465ee728b)
Start importing Assets/Scenes/Shadergraphs/Cartoonshade.mat using Guid(d933f31cc321ddd46bc42342932a7ae9) Importer(815301076,1909f56bfc062723c751e8b465ee728b)  -> (artifact id: '743c6757367d87bd43265be973a0237c') in 0.877980 seconds 
========================================================================
Received Import Request.
  Time since last request: 0.000089 seconds.
  path: Assets/Scenes/Shadergraphs/Cloak.mat
  artifactKey: Guid(d99ce1212cbe94b4a9d023ddcb694ce8) Importer(815301076,1909f56bfc062723c751e8b465ee728b)
Start importing Assets/Scenes/Shadergraphs/Cloak.mat using Guid(d99ce1212cbe94b4a9d023ddcb694ce8) Importer(815301076,1909f56bfc062723c751e8b465ee728b)  -> (artifact id: '5e29477f5363b062e0f41bd937dcc118') in 4.099257 seconds 
========================================================================
Received Import Request.
  Time since last request: 0.000076 seconds.
  path: Assets/Scenes/Shadergraphs/Electric.mat
  artifactKey: Guid(7a7131a950c9fe249badcc909ea37442) Importer(815301076,1909f56bfc062723c751e8b465ee728b)
Start importing Assets/Scenes/Shadergraphs/Electric.mat using Guid(7a7131a950c9fe249badcc909ea37442) Importer(815301076,1909f56bfc062723c751e8b465ee728b)  -> (artifact id: '3fd1d020de9d4721e42458e725d7b83b') in 4.811057 seconds 
========================================================================
Received Import Request.
  Time since last request: 0.000103 seconds.
  path: Assets/Scenes/Shadergraphs/Flag.mat
  artifactKey: Guid(ed4047b771250674eaff2108fef8f925) Importer(815301076,1909f56bfc062723c751e8b465ee728b)
Start importing Assets/Scenes/Shadergraphs/Flag.mat using Guid(ed4047b771250674eaff2108fef8f925) Importer(815301076,1909f56bfc062723c751e8b465ee728b)  -> (artifact id: '75fb8b7cac66414a4c8d96ce55d547b7') in 7.833782 seconds 
========================================================================
Received Import Request.
  Time since last request: 0.000049 seconds.
  path: Assets/Scenes/Shadergraphs/Trail 1.mat
  artifactKey: Guid(fcfe3e98d32f1fe4a8439981d1184e4e) Importer(815301076,1909f56bfc062723c751e8b465ee728b)
Start importing Assets/Scenes/Shadergraphs/Trail 1.mat using Guid(fcfe3e98d32f1fe4a8439981d1184e4e) Importer(815301076,1909f56bfc062723c751e8b465ee728b)  -> (artifact id: 'b1daeb71d90eca9be330d87c8ccc9962') in 4.815171 seconds 
========================================================================
Received Import Request.
  Time since last request: 0.000077 seconds.
  path: Assets/Scenes/Shadergraphs/Interactive and anim.mat
  artifactKey: Guid(09f0e9aaa46e7cf4c8aac11ef164dfd2) Importer(815301076,1909f56bfc062723c751e8b465ee728b)
Start importing Assets/Scenes/Shadergraphs/Interactive and anim.mat using Guid(09f0e9aaa46e7cf4c8aac11ef164dfd2) Importer(815301076,1909f56bfc062723c751e8b465ee728b)  -> (artifact id: 'f1a7f44a4c7a0cb9abe2a708ceb753a6') in 3.832439 seconds 
========================================================================
Received Import Request.
  Time since last request: 0.000066 seconds.
  path: Assets/Scenes/Shadergraphs/Flame.mat
  artifactKey: Guid(1d8c59fa7b6e7fa479f095360241ca6e) Importer(815301076,1909f56bfc062723c751e8b465ee728b)
Start importing Assets/Scenes/Shadergraphs/Flame.mat using Guid(1d8c59fa7b6e7fa479f095360241ca6e) Importer(815301076,1909f56bfc062723c751e8b465ee728b)  -> (artifact id: 'ab82de2ba663cee545b6b1f8478f08bc') in 4.384163 seconds 
========================================================================
Received Import Request.
  Time since last request: 0.000164 seconds.
  path: Assets/Scenes/Shadergraphs/Noise.mat
  artifactKey: Guid(63cfacfee32cba34fae54a5a891b034c) Importer(815301076,1909f56bfc062723c751e8b465ee728b)
Start importing Assets/Scenes/Shadergraphs/Noise.mat using Guid(63cfacfee32cba34fae54a5a891b034c) Importer(815301076,1909f56bfc062723c751e8b465ee728b)  -> (artifact id: 'd03015312177e29b1736906396ba2f95') in 3.727807 seconds 
========================================================================
Received Import Request.
  Time since last request: 0.000071 seconds.
  path: Assets/Scenes/Shadergraphs/Particlesys.mat
  artifactKey: Guid(cd4326e0db0620f4d8d558bfee745159) Importer(815301076,1909f56bfc062723c751e8b465ee728b)
Start importing Assets/Scenes/Shadergraphs/Particlesys.mat using Guid(cd4326e0db0620f4d8d558bfee745159) Importer(815301076,1909f56bfc062723c751e8b465ee728b)  -> (artifact id: 'f16c29c583d12fa699fd8c16245bc79d') in 0.641858 seconds 
========================================================================
Received Import Request.
  Time since last request: 0.000092 seconds.
  path: Assets/Scenes/Shadergraphs/Hologram.mat
  artifactKey: Guid(6e17ce65c750dbb4995ab5011a18b06b) Importer(815301076,1909f56bfc062723c751e8b465ee728b)
Start importing Assets/Scenes/Shadergraphs/Hologram.mat using Guid(6e17ce65c750dbb4995ab5011a18b06b) Importer(815301076,1909f56bfc062723c751e8b465ee728b)  -> (artifact id: 'dad7b2c39c80bbe98575ef3a42b795b9') in 0.172601 seconds 
========================================================================
Received Import Request.
  Time since last request: 0.000058 seconds.
  path: Assets/Scenes/Shadergraphs/Simple Anim.mat
  artifactKey: Guid(d5346e71406d0f04c88734adc61e06c8) Importer(815301076,1909f56bfc062723c751e8b465ee728b)
Start importing Assets/Scenes/Shadergraphs/Simple Anim.mat using Guid(d5346e71406d0f04c88734adc61e06c8) Importer(815301076,1909f56bfc062723c751e8b465ee728b)  -> (artifact id: '5487d9fca8b7de30aa7da1c76c215a8a') in 2.860583 seconds 
========================================================================
Received Import Request.
  Time since last request: 0.000071 seconds.
  path: Assets/Scenes/Shadergraphs/Interactive_vec.mat
  artifactKey: Guid(dcee0d064db3ec84480b44504f309c85) Importer(815301076,1909f56bfc062723c751e8b465ee728b)
Start importing Assets/Scenes/Shadergraphs/Interactive_vec.mat using Guid(dcee0d064db3ec84480b44504f309c85) Importer(815301076,1909f56bfc062723c751e8b465ee728b)  -> (artifact id: 'a924c1927231a2ca8e5f3b12b957273b') in 3.356854 seconds 
========================================================================
Received Import Request.
  Time since last request: 0.000382 seconds.
  path: Assets/Scenes/Shadergraphs/Sliced.mat
  artifactKey: Guid(44f5eb55496818144a11216efcd561d8) Importer(815301076,1909f56bfc062723c751e8b465ee728b)
Start importing Assets/Scenes/Shadergraphs/Sliced.mat using Guid(44f5eb55496818144a11216efcd561d8) Importer(815301076,1909f56bfc062723c751e8b465ee728b)  -> (artifact id: '16387b8017c6d453b46fa6690cdb95df') in 3.482400 seconds 
========================================================================
Received Import Request.
  Time since last request: 0.000116 seconds.
  path: Assets/Scenes/Shadergraphs/Phaseinandout.mat
  artifactKey: Guid(4c36066e3bbd3e44c9cdadc00fb5a668) Importer(815301076,1909f56bfc062723c751e8b465ee728b)
Start importing Assets/Scenes/Shadergraphs/Phaseinandout.mat using Guid(4c36066e3bbd3e44c9cdadc00fb5a668) Importer(815301076,1909f56bfc062723c751e8b465ee728b)  -> (artifact id: '498bf962fac6374b929dcdb723be983d') in 3.982080 seconds 
AssetImportWorkerClient::OnTransportError - code=10054 error=현재 연결은 원격 호스트에 의해 강제로 끊겼습니다.
